-------------------------------------------------------------------------------
Test set: com.bcopstein.CarregadorDeEmailsTest
-------------------------------------------------------------------------------
Tests run: 1, Failures: 1, Errors: 0, Skipped: 0, Time elapsed: 0.134 s <<< FAILURE! - in com.bcopstein.CarregadorDeEmailsTest
com.bcopstein.CarregadorDeEmailsTest.carregaDadosTest  Time elapsed: 0.091 s  <<< FAILURE!
org.opentest4j.AssertionFailedError: expected: not equal but was: <Erro de E/S: %s%n>
	at com.bcopstein.CarregadorDeEmailsTest.carregaDadosTest(CarregadorDeEmailsTest.java:29)

